<?xml version="1.0" encoding="UTF-8"?>
<!-- Generated by org.testng.reporters.JUnitXMLReporter -->
<testsuite ignored="2" hostname="BIMWize3" failures="0" tests="7" name="FFTest" time="13.352" errors="0" timestamp="17 Jun 2022 18:09:59 GMT">
  <testcase classname="test.LoginValidations" name="validUNandValidPassword" time="0.384"/>
  <testcase classname="test.LoginValidations" name="invalidUNandValidPassword" time="0.182"/>
  <testcase classname="test.LoginValidations" name="invalidUNandinValidPassword" time="0.149"/>
  <testcase classname="test.LoginValidations" name="validUNandinValidPassword" time="0.23"/>
  <testcase classname="test.LoginValidations" name="alidateloginclick" time="5.345"/>
  <testcase classname="test.Landingvalidation" name="validatetitle" time="0.013"/>
  <testcase classname="test.Landingvalidation" name="validateurl" time="0.007"/>
  <testcase classname="test.LaunchMethod" name="@AfterSuite afterTest" time="0.0">
    <ignored/>
  </testcase> <!-- @AfterSuite afterTest -->
  <testcase classname="test.LaunchMethod" name="@BeforeTest beforeTest" time="0.0">
    <ignored/>
  </testcase> <!-- @BeforeTest beforeTest -->
</testsuite> <!-- FFTest -->
