<?xml version="1.0" encoding="UTF-8"?>
<!-- Generated by org.testng.reporters.JUnitXMLReporter -->
<testsuite ignored="7" hostname="BIMWize3" failures="0" tests="2" name="FirefoxExecution" time="4.863" errors="0" timestamp="18 Jun 2022 12:49:07 GMT">
  <testcase classname="test.LoginValidations" name="invalidUNandinValidPassword" time="0.219"/>
  <testcase classname="test.Landingvalidation" name="validateurl" time="0.012"/>
  <testcase classname="test.Landingvalidation" name="validatetitle" time="0.0">
    <ignored/>
  </testcase> <!-- validatetitle -->
  <testcase classname="test.LoginValidations" name="alidateloginclick" time="0.0">
    <ignored/>
  </testcase> <!-- alidateloginclick -->
  <testcase classname="test.LoginValidations" name="invalidUNandValidPassword" time="0.0">
    <ignored/>
  </testcase> <!-- invalidUNandValidPassword -->
  <testcase classname="test.LoginValidations" name="validUNandValidPassword" time="0.0">
    <ignored/>
  </testcase> <!-- validUNandValidPassword -->
  <testcase classname="test.LaunchMethod" name="@AfterSuite afterTest" time="0.0">
    <ignored/>
  </testcase> <!-- @AfterSuite afterTest -->
  <testcase classname="test.LaunchMethod" name="@BeforeTest beforeTest" time="0.0">
    <ignored/>
  </testcase> <!-- @BeforeTest beforeTest -->
  <testcase classname="test.LoginValidations" name="validUNandinValidPassword" time="0.0">
    <ignored/>
  </testcase> <!-- validUNandinValidPassword -->
</testsuite> <!-- FirefoxExecution -->
