<?xml version="1.0" encoding="UTF-8"?>
<!-- Generated by org.testng.reporters.JUnitXMLReporter -->
<testsuite ignored="6" hostname="BIMWize3" failures="0" tests="3" name="Test" time="0.682" errors="0" timestamp="17 Jun 2022 15:09:10 GMT">
  <testcase classname="test.LoginValidations" name="invalidUNandValidPassword" time="0.321"/>
  <testcase classname="test.LoginValidations" name="invalidUNandinValidPassword" time="0.245"/>
  <testcase classname="test.Landingvalidation" name="validateurl" time="0.008"/>
  <testcase classname="test.Landingvalidation" name="validatetitle" time="0.0">
    <ignored/>
  </testcase> <!-- validatetitle -->
  <testcase classname="test.LoginValidations" name="alidateloginclick" time="0.0">
    <ignored/>
  </testcase> <!-- alidateloginclick -->
  <testcase classname="test.LoginValidations" name="validUNandValidPassword" time="0.0">
    <ignored/>
  </testcase> <!-- validUNandValidPassword -->
  <testcase classname="test.LaunchMethod" name="@AfterSuite afterTest" time="0.0">
    <ignored/>
  </testcase> <!-- @AfterSuite afterTest -->
  <testcase classname="test.LaunchMethod" name="@BeforeSuite beforeTest" time="0.0">
    <ignored/>
  </testcase> <!-- @BeforeSuite beforeTest -->
  <testcase classname="test.LoginValidations" name="validUNandinValidPassword" time="0.0">
    <ignored/>
  </testcase> <!-- validUNandinValidPassword -->
</testsuite> <!-- Test -->
